<?xml version="1.0" encoding="UTF-8"?>
<testng-results ignored="0" total="2" passed="2" failed="0" skipped="0">
  <reporter-output>
  </reporter-output>
  <suite started-at="2024-01-23T06:22:09Z" name="inetBanking" finished-at="2024-01-23T06:22:37Z" duration-ms="28317">
    <groups>
    </groups>
    <test started-at="2024-01-23T06:22:09Z" name="Banking App" finished-at="2024-01-23T06:22:37Z" duration-ms="28317">
      <class name="com.inetBanking.TestCases.TC_AddCutomerTest_002">
        <test-method is-config="true" signature="setup(java.lang.String)[pri:0, instance:com.inetBanking.TestCases.TC_AddCutomerTest_002@4b8d604b]" started-at="2024-01-23T06:22:18Z" name="setup" finished-at="2024-01-23T06:22:23Z" duration-ms="5140" status="PASS">
          <params>
            <param index="0">
              <value>
                <![CDATA[chrome]]>
              </value>
            </param>
          </params>
          <reporter-output>
          </reporter-output>
        </test-method> <!-- setup -->
        <test-method signature="addNewCutsomer()[pri:0, instance:com.inetBanking.TestCases.TC_AddCutomerTest_002@4b8d604b]" started-at="2024-01-23T06:22:23Z" name="addNewCutsomer" finished-at="2024-01-23T06:22:37Z" duration-ms="13543" status="PASS">
          <reporter-output>
          </reporter-output>
        </test-method> <!-- addNewCutsomer -->
        <test-method is-config="true" signature="TearDown()[pri:0, instance:com.inetBanking.TestCases.TC_AddCutomerTest_002@4b8d604b]" started-at="2024-01-23T06:22:37Z" name="TearDown" finished-at="2024-01-23T06:22:37Z" duration-ms="275" status="PASS">
          <reporter-output>
          </reporter-output>
        </test-method> <!-- TearDown -->
      </class> <!-- com.inetBanking.TestCases.TC_AddCutomerTest_002 -->
      <class name="com.inetBanking.TestCases.TC_LoginTest_001">
        <test-method is-config="true" signature="setup(java.lang.String)[pri:0, instance:com.inetBanking.TestCases.TC_LoginTest_001@5fb759d6]" started-at="2024-01-23T06:22:09Z" name="setup" finished-at="2024-01-23T06:22:16Z" duration-ms="7145" status="PASS">
          <params>
            <param index="0">
              <value>
                <![CDATA[chrome]]>
              </value>
            </param>
          </params>
          <reporter-output>
          </reporter-output>
        </test-method> <!-- setup -->
        <test-method signature="loginTest()[pri:0, instance:com.inetBanking.TestCases.TC_LoginTest_001@5fb759d6]" started-at="2024-01-23T06:22:16Z" name="loginTest" finished-at="2024-01-23T06:22:18Z" duration-ms="1661" status="PASS">
          <reporter-output>
          </reporter-output>
        </test-method> <!-- loginTest -->
        <test-method is-config="true" signature="TearDown()[pri:0, instance:com.inetBanking.TestCases.TC_LoginTest_001@5fb759d6]" started-at="2024-01-23T06:22:18Z" name="TearDown" finished-at="2024-01-23T06:22:18Z" duration-ms="246" status="PASS">
          <reporter-output>
          </reporter-output>
        </test-method> <!-- TearDown -->
      </class> <!-- com.inetBanking.TestCases.TC_LoginTest_001 -->
    </test> <!-- Banking App -->
  </suite> <!-- inetBanking -->
</testng-results>
